<?xml version="1.0" encoding="UTF-8"?>
<!-- Generated by org.testng.reporters.JUnitXMLReporter -->
<testsuite ignored="0" hostname="liut44194" failures="0" tests="6" name="Default test" time="13.097" errors="0" timestamp="2025-02-07T16:35:18 PST">
  <testcase classname="api.test.DDTest" name="testPostUser" time="3.101"/>
  <testcase classname="api.test.DDTest" name="testPostUser" time="0.58"/>
  <testcase classname="api.test.DDTest" name="testPostUser" time="0.406"/>
  <testcase classname="api.test.DDTest" name="testDeleteUser" time="2.535"/>
  <testcase classname="api.test.DDTest" name="testDeleteUser" time="2.409"/>
  <testcase classname="api.test.DDTest" name="testDeleteUser" time="2.419"/>
</testsuite> <!-- Default test -->
