<?xml version="1.0" encoding="UTF-8"?>
<!-- Generated by org.testng.reporters.JUnitXMLReporter -->
<testsuite ignored="0" hostname="liut44194" failures="0" tests="4" name="Test" time="7.067" errors="0" timestamp="2025-02-12T14:09:41 PST">
  <testcase classname="api.test.UserTests2_useUserEndpoint2" name="testPostUser" time="3.78"/>
  <testcase classname="api.test.UserTests2_useUserEndpoint2" name="testGetUser" time="1.286"/>
  <testcase classname="api.test.UserTests2_useUserEndpoint2" name="testUpdateUser" time="0.827"/>
  <testcase classname="api.test.UserTests2_useUserEndpoint2" name="testDeleteUser" time="0.584"/>
</testsuite> <!-- Test -->
